<?xml version="1.0" encoding="UTF-8"?>
<testsuite xmlns:xsi="http://www.w3.org/2001/XMLSchema-instance" xsi:noNamespaceSchemaLocation="https://maven.apache.org/surefire/maven-surefire-plugin/xsd/surefire-test-report.xsd" name="software.testing.fourinarow.GridPositionTest" time="0.002" tests="11" errors="0" skipped="0" failures="0">
  <properties>
[...]
</properties>
  <testcase name="shouldSetRowWithZeroValue" classname="software.testing.fourinarow.GridPositionTest" time="0"/>
  <testcase name="shouldSetColumnWithNullValue" classname="software.testing.fourinarow.GridPositionTest" time="0"/>
  <testcase name="shouldSetRowWithNullValue" classname="software.testing.fourinarow.GridPositionTest" time="0"/>
  <testcase name="shouldThrowExceptionIfColumnIsNegative" classname="software.testing.fourinarow.GridPositionTest" time="0.002"/>
  <testcase name="shouldThrowExceptionIfRowIsNegative" classname="software.testing.fourinarow.GridPositionTest" time="0"/>
  <testcase name="shouldSetColumnWithPositiveValue" classname="software.testing.fourinarow.GridPositionTest" time="0"/>
  <testcase name="shouldCreateGridPositionWithPositiveValues" classname="software.testing.fourinarow.GridPositionTest" time="0"/>
  <testcase name="shouldSetRowWithPositiveValue" classname="software.testing.fourinarow.GridPositionTest" time="0"/>
  <testcase name="shouldSetColumnWithValueOne" classname="software.testing.fourinarow.GridPositionTest" time="0"/>
  <testcase name="shouldSetRowWithValueOne" classname="software.testing.fourinarow.GridPositionTest" time="0"/>
  <testcase name="shouldSetColumnWithZeroValue" classname="software.testing.fourinarow.GridPositionTest" time="0"/>
</testsuite>